[2025-07-27 16:21:27.279] [info] Using configuration file /home/dxth/.config/waybar/config.jsonc
[2025-07-27 16:21:27.279] [info] Including resource file: ~/.config/waybar/modules.json
[2025-07-27 16:21:27.279] [info] Unable to receive desktop appearance: GDBus.Error:org.freedesktop.DBus.Error.ServiceUnknown: The name org.freedesktop.portal.Desktop was not provided by any .service files
[2025-07-27 16:21:27.279] [info] Using CSS file /home/dxth/.config/waybar/style.css
[2025-07-27 16:21:27.282] [info] Hyprland IPC starting
[2025-07-27 16:21:27.282] [info] Loading persistent workspaces from Hyprland workspace rules
[2025-07-27 16:21:27.294] [info] Loading persistent workspaces from Hyprland workspace rules
[2025-07-27 16:21:27.302] [info] Bar configured (width: 1440, height: 42) for output: DP-3
[2025-07-27 16:21:27.302] [info] Bar configured (width: 1920, height: 42) for output: HDMI-A-1
[2025-07-27 16:21:46.507] [warning] [wireplumber]: (onMixerChanged: Audio/Sink) - Object with id 71 not found
[2025-07-27 16:21:46.507] [warning] [wireplumber]: (onMixerChanged: Audio/Sink) - Object with id 71 not found
[2025-07-27 16:21:46.510] [warning] [wireplumber]: (onMixerChanged: Audio/Sink) - Object with id 71 not found
[2025-07-27 16:21:46.510] [warning] [wireplumber]: (onMixerChanged: Audio/Sink) - Object with id 71 not found
[2025-07-27 16:21:46.513] [warning] [wireplumber]: (onMixerChanged: Audio/Sink) - Object with id 71 not found
[2025-07-27 16:21:46.513] [warning] [wireplumber]: (onMixerChanged: Audio/Sink) - Object with id 71 not found
[2025-07-27 16:21:55.459] [warning] [wireplumber]: (onMixerChanged: Audio/Sink) - Object with id 71 not found
[2025-07-27 16:21:55.459] [warning] [wireplumber]: (onMixerChanged: Audio/Sink) - Object with id 71 not found
[2025-07-27 16:21:55.463] [warning] [wireplumber]: (onMixerChanged: Audio/Sink) - Object with id 71 not found
[2025-07-27 16:21:55.463] [warning] [wireplumber]: (onMixerChanged: Audio/Sink) - Object with id 71 not found
[2025-07-27 16:21:55.465] [warning] [wireplumber]: (onMixerChanged: Audio/Sink) - Object with id 71 not found
[2025-07-27 16:21:55.465] [warning] [wireplumber]: (onMixerChanged: Audio/Sink) - Object with id 71 not found
[2025-07-27 16:22:02.556] [warning] [wireplumber]: (onMixerChanged: Audio/Sink) - Object with id 44 not found
[2025-07-27 16:22:02.556] [warning] [wireplumber]: (onMixerChanged: Audio/Sink) - Object with id 44 not found
[2025-07-27 16:22:02.560] [warning] [wireplumber]: (onMixerChanged: Audio/Sink) - Object with id 44 not found
[2025-07-27 16:22:02.560] [warning] [wireplumber]: (onMixerChanged: Audio/Sink) - Object with id 44 not found
[2025-07-27 16:22:02.562] [warning] [wireplumber]: (onMixerChanged: Audio/Sink) - Object with id 44 not found
[2025-07-27 16:22:02.562] [warning] [wireplumber]: (onMixerChanged: Audio/Sink) - Object with id 44 not found
[2025-07-27 16:22:02.562] [warning] [wireplumber]: (onMixerChanged: Audio/Sink) - Object with id 44 not found
[2025-07-27 16:22:02.562] [warning] [wireplumber]: (onMixerChanged: Audio/Sink) - Object with id 44 not found
[2025-07-27 16:22:37.115] [warning] [wireplumber]: (onMixerChanged: Audio/Sink) - Object with id 44 not found
[2025-07-27 16:22:37.115] [warning] [wireplumber]: (onMixerChanged: Audio/Sink) - Object with id 44 not found
[2025-07-27 16:22:37.119] [warning] [wireplumber]: (onMixerChanged: Audio/Sink) - Object with id 44 not found
[2025-07-27 16:22:37.119] [warning] [wireplumber]: (onMixerChanged: Audio/Sink) - Object with id 44 not found
[2025-07-27 16:22:37.122] [warning] [wireplumber]: (onMixerChanged: Audio/Sink) - Object with id 44 not found
[2025-07-27 16:22:37.122] [warning] [wireplumber]: (onMixerChanged: Audio/Sink) - Object with id 44 not found
[2025-07-27 16:22:37.122] [warning] [wireplumber]: (onMixerChanged: Audio/Sink) - Object with id 44 not found
[2025-07-27 16:22:37.122] [warning] [wireplumber]: (onMixerChanged: Audio/Sink) - Object with id 44 not found
[2025-07-27 16:22:41.597] [warning] [wireplumber]: (onMixerChanged: Audio/Sink) - Object with id 44 not found
[2025-07-27 16:22:41.597] [warning] [wireplumber]: (onMixerChanged: Audio/Sink) - Object with id 44 not found
[2025-07-27 16:22:41.601] [warning] [wireplumber]: (onMixerChanged: Audio/Sink) - Object with id 44 not found
[2025-07-27 16:22:41.601] [warning] [wireplumber]: (onMixerChanged: Audio/Sink) - Object with id 44 not found
[2025-07-27 16:22:41.604] [warning] [wireplumber]: (onMixerChanged: Audio/Sink) - Object with id 44 not found
[2025-07-27 16:22:41.604] [warning] [wireplumber]: (onMixerChanged: Audio/Sink) - Object with id 44 not found
[2025-07-27 16:22:41.604] [warning] [wireplumber]: (onMixerChanged: Audio/Sink) - Object with id 44 not found
[2025-07-27 16:22:41.604] [warning] [wireplumber]: (onMixerChanged: Audio/Sink) - Object with id 44 not found
[2025-07-27 16:22:42.981] [warning] [wireplumber]: (onMixerChanged: Audio/Sink) - Object with id 44 not found
[2025-07-27 16:22:42.981] [warning] [wireplumber]: (onMixerChanged: Audio/Sink) - Object with id 44 not found
[2025-07-27 16:22:42.986] [warning] [wireplumber]: (onMixerChanged: Audio/Sink) - Object with id 44 not found
[2025-07-27 16:22:42.986] [warning] [wireplumber]: (onMixerChanged: Audio/Sink) - Object with id 44 not found
[2025-07-27 16:22:42.988] [warning] [wireplumber]: (onMixerChanged: Audio/Sink) - Object with id 44 not found
[2025-07-27 16:22:42.989] [warning] [wireplumber]: (onMixerChanged: Audio/Sink) - Object with id 44 not found
[2025-07-27 16:22:42.989] [warning] [wireplumber]: (onMixerChanged: Audio/Sink) - Object with id 44 not found
[2025-07-27 16:22:42.989] [warning] [wireplumber]: (onMixerChanged: Audio/Sink) - Object with id 44 not found
[2025-07-27 16:22:47.914] [warning] [wireplumber]: (onMixerChanged: Audio/Sink) - Object with id 44 not found
[2025-07-27 16:22:47.914] [warning] [wireplumber]: (onMixerChanged: Audio/Sink) - Object with id 44 not found
[2025-07-27 16:22:47.918] [warning] [wireplumber]: (onMixerChanged: Audio/Sink) - Object with id 44 not found
[2025-07-27 16:22:47.918] [warning] [wireplumber]: (onMixerChanged: Audio/Sink) - Object with id 44 not found
[2025-07-27 16:22:47.920] [warning] [wireplumber]: (onMixerChanged: Audio/Sink) - Object with id 44 not found
[2025-07-27 16:22:47.920] [warning] [wireplumber]: (onMixerChanged: Audio/Sink) - Object with id 44 not found
[2025-07-27 16:22:47.920] [warning] [wireplumber]: (onMixerChanged: Audio/Sink) - Object with id 44 not found
[2025-07-27 16:22:47.920] [warning] [wireplumber]: (onMixerChanged: Audio/Sink) - Object with id 44 not found
[2025-07-27 16:23:03.739] [warning] [wireplumber]: (onMixerChanged: Audio/Sink) - Object with id 44 not found
[2025-07-27 16:23:03.739] [warning] [wireplumber]: (onMixerChanged: Audio/Sink) - Object with id 44 not found
[2025-07-27 16:23:03.742] [warning] [wireplumber]: (onMixerChanged: Audio/Sink) - Object with id 44 not found
[2025-07-27 16:23:03.743] [warning] [wireplumber]: (onMixerChanged: Audio/Sink) - Object with id 44 not found
[2025-07-27 16:23:03.744] [warning] [wireplumber]: (onMixerChanged: Audio/Sink) - Object with id 44 not found
[2025-07-27 16:23:03.744] [warning] [wireplumber]: (onMixerChanged: Audio/Sink) - Object with id 44 not found
[2025-07-27 16:23:03.744] [warning] [wireplumber]: (onMixerChanged: Audio/Sink) - Object with id 44 not found
[2025-07-27 16:23:03.745] [warning] [wireplumber]: (onMixerChanged: Audio/Sink) - Object with id 44 not found
[2025-07-27 16:23:20.490] [warning] [wireplumber]: (onMixerChanged: Audio/Sink) - Object with id 44 not found
[2025-07-27 16:23:20.490] [warning] [wireplumber]: (onMixerChanged: Audio/Sink) - Object with id 44 not found
[2025-07-27 16:23:20.493] [warning] [wireplumber]: (onMixerChanged: Audio/Sink) - Object with id 44 not found
[2025-07-27 16:23:20.493] [warning] [wireplumber]: (onMixerChanged: Audio/Sink) - Object with id 44 not found
[2025-07-27 16:23:20.501] [warning] [wireplumber]: (onMixerChanged: Audio/Sink) - Object with id 44 not found
[2025-07-27 16:23:20.501] [warning] [wireplumber]: (onMixerChanged: Audio/Sink) - Object with id 44 not found
[2025-07-27 16:28:14.743] [warning] [wireplumber]: (onMixerChanged: Audio/Sink) - Object with id 44 not found
[2025-07-27 16:28:14.743] [warning] [wireplumber]: (onMixerChanged: Audio/Sink) - Object with id 44 not found
[2025-07-27 16:28:14.746] [warning] [wireplumber]: (onMixerChanged: Audio/Sink) - Object with id 44 not found
[2025-07-27 16:28:14.746] [warning] [wireplumber]: (onMixerChanged: Audio/Sink) - Object with id 44 not found
[2025-07-27 16:28:14.748] [warning] [wireplumber]: (onMixerChanged: Audio/Sink) - Object with id 44 not found
[2025-07-27 16:28:14.748] [warning] [wireplumber]: (onMixerChanged: Audio/Sink) - Object with id 44 not found
[2025-07-27 16:28:14.748] [warning] [wireplumber]: (onMixerChanged: Audio/Sink) - Object with id 44 not found
[2025-07-27 16:28:14.748] [warning] [wireplumber]: (onMixerChanged: Audio/Sink) - Object with id 44 not found
[2025-07-27 16:29:20.538] [warning] [wireplumber]: (onMixerChanged: Audio/Sink) - Object with id 44 not found
[2025-07-27 16:29:20.538] [warning] [wireplumber]: (onMixerChanged: Audio/Sink) - Object with id 44 not found
[2025-07-27 16:29:20.544] [warning] [wireplumber]: (onMixerChanged: Audio/Sink) - Object with id 44 not found
[2025-07-27 16:29:20.544] [warning] [wireplumber]: (onMixerChanged: Audio/Sink) - Object with id 44 not found
[2025-07-27 16:29:20.547] [warning] [wireplumber]: (onMixerChanged: Audio/Sink) - Object with id 44 not found
[2025-07-27 16:29:20.547] [warning] [wireplumber]: (onMixerChanged: Audio/Sink) - Object with id 44 not found
[2025-07-27 16:29:20.547] [warning] [wireplumber]: (onMixerChanged: Audio/Sink) - Object with id 44 not found
[2025-07-27 16:29:20.547] [warning] [wireplumber]: (onMixerChanged: Audio/Sink) - Object with id 44 not found
[2025-07-27 16:29:33.906] [warning] [wireplumber]: (onMixerChanged: Audio/Sink) - Object with id 44 not found
[2025-07-27 16:29:33.906] [warning] [wireplumber]: (onMixerChanged: Audio/Sink) - Object with id 44 not found
[2025-07-27 16:29:33.909] [warning] [wireplumber]: (onMixerChanged: Audio/Sink) - Object with id 44 not found
[2025-07-27 16:29:33.909] [warning] [wireplumber]: (onMixerChanged: Audio/Sink) - Object with id 44 not found
[2025-07-27 16:29:33.911] [warning] [wireplumber]: (onMixerChanged: Audio/Sink) - Object with id 44 not found
[2025-07-27 16:29:33.911] [warning] [wireplumber]: (onMixerChanged: Audio/Sink) - Object with id 44 not found
[2025-07-27 16:29:36.325] [warning] [wireplumber]: (onMixerChanged: Audio/Sink) - Object with id 44 not found
[2025-07-27 16:29:36.325] [warning] [wireplumber]: (onMixerChanged: Audio/Sink) - Object with id 44 not found
[2025-07-27 16:29:36.328] [warning] [wireplumber]: (onMixerChanged: Audio/Sink) - Object with id 44 not found
[2025-07-27 16:29:36.328] [warning] [wireplumber]: (onMixerChanged: Audio/Sink) - Object with id 44 not found
[2025-07-27 16:29:36.330] [warning] [wireplumber]: (onMixerChanged: Audio/Sink) - Object with id 44 not found
[2025-07-27 16:29:36.330] [warning] [wireplumber]: (onMixerChanged: Audio/Sink) - Object with id 44 not found
[2025-07-27 16:29:36.426] [warning] [wireplumber]: (onMixerChanged: Audio/Sink) - Object with id 44 not found
[2025-07-27 16:29:36.426] [warning] [wireplumber]: (onMixerChanged: Audio/Sink) - Object with id 44 not found
[2025-07-27 16:29:36.430] [warning] [wireplumber]: (onMixerChanged: Audio/Sink) - Object with id 44 not found
[2025-07-27 16:29:36.430] [warning] [wireplumber]: (onMixerChanged: Audio/Sink) - Object with id 44 not found
[2025-07-27 16:29:36.432] [warning] [wireplumber]: (onMixerChanged: Audio/Sink) - Object with id 44 not found
[2025-07-27 16:29:36.432] [warning] [wireplumber]: (onMixerChanged: Audio/Sink) - Object with id 44 not found
[2025-07-27 16:29:52.086] [warning] [wireplumber]: (onMixerChanged: Audio/Sink) - Object with id 44 not found
[2025-07-27 16:29:52.086] [warning] [wireplumber]: (onMixerChanged: Audio/Sink) - Object with id 44 not found
[2025-07-27 16:29:52.090] [warning] [wireplumber]: (onMixerChanged: Audio/Sink) - Object with id 44 not found
[2025-07-27 16:29:52.090] [warning] [wireplumber]: (onMixerChanged: Audio/Sink) - Object with id 44 not found
[2025-07-27 16:29:52.092] [warning] [wireplumber]: (onMixerChanged: Audio/Sink) - Object with id 44 not found
[2025-07-27 16:29:52.092] [warning] [wireplumber]: (onMixerChanged: Audio/Sink) - Object with id 44 not found
[2025-07-27 16:30:05.366] [warning] [wireplumber]: (onMixerChanged: Audio/Sink) - Object with id 44 not found
[2025-07-27 16:30:05.367] [warning] [wireplumber]: (onMixerChanged: Audio/Sink) - Object with id 44 not found
[2025-07-27 16:30:05.370] [warning] [wireplumber]: (onMixerChanged: Audio/Sink) - Object with id 44 not found
[2025-07-27 16:30:05.370] [warning] [wireplumber]: (onMixerChanged: Audio/Sink) - Object with id 44 not found
[2025-07-27 16:30:05.372] [warning] [wireplumber]: (onMixerChanged: Audio/Sink) - Object with id 44 not found
[2025-07-27 16:30:05.372] [warning] [wireplumber]: (onMixerChanged: Audio/Sink) - Object with id 44 not found
[2025-07-27 16:30:05.372] [warning] [wireplumber]: (onMixerChanged: Audio/Sink) - Object with id 44 not found
[2025-07-27 16:30:05.372] [warning] [wireplumber]: (onMixerChanged: Audio/Sink) - Object with id 44 not found
[2025-07-27 16:30:07.433] [warning] [wireplumber]: (onMixerChanged: Audio/Sink) - Object with id 72 not found
[2025-07-27 16:30:07.433] [warning] [wireplumber]: (onMixerChanged: Audio/Sink) - Object with id 72 not found
[2025-07-27 16:30:07.438] [warning] [wireplumber]: (onMixerChanged: Audio/Sink) - Object with id 72 not found
[2025-07-27 16:30:07.438] [warning] [wireplumber]: (onMixerChanged: Audio/Sink) - Object with id 72 not found
[2025-07-27 16:30:07.441] [warning] [wireplumber]: (onMixerChanged: Audio/Sink) - Object with id 72 not found
[2025-07-27 16:30:07.441] [warning] [wireplumber]: (onMixerChanged: Audio/Sink) - Object with id 72 not found
[2025-07-27 16:30:07.441] [warning] [wireplumber]: (onMixerChanged: Audio/Sink) - Object with id 72 not found
[2025-07-27 16:30:07.441] [warning] [wireplumber]: (onMixerChanged: Audio/Sink) - Object with id 72 not found
[2025-07-27 16:30:41.498] [warning] [wireplumber]: (onMixerChanged: Audio/Sink) - Object with id 44 not found
[2025-07-27 16:30:41.498] [warning] [wireplumber]: (onMixerChanged: Audio/Sink) - Object with id 44 not found
[2025-07-27 16:30:41.502] [warning] [wireplumber]: (onMixerChanged: Audio/Sink) - Object with id 44 not found
[2025-07-27 16:30:41.503] [warning] [wireplumber]: (onMixerChanged: Audio/Sink) - Object with id 44 not found
[2025-07-27 16:30:41.505] [warning] [wireplumber]: (onMixerChanged: Audio/Sink) - Object with id 44 not found
[2025-07-27 16:30:41.505] [warning] [wireplumber]: (onMixerChanged: Audio/Sink) - Object with id 44 not found
[2025-07-27 16:30:41.505] [warning] [wireplumber]: (onMixerChanged: Audio/Sink) - Object with id 44 not found
[2025-07-27 16:30:41.505] [warning] [wireplumber]: (onMixerChanged: Audio/Sink) - Object with id 44 not found
[2025-07-28 11:31:20.221] [info] Using configuration file /home/dxth/.config/waybar/config.jsonc
[2025-07-28 11:31:20.222] [info] Including resource file: ~/.config/waybar/modules.json
[2025-07-28 11:31:20.222] [info] Unable to receive desktop appearance: GDBus.Error:org.freedesktop.DBus.Error.ServiceUnknown: The name org.freedesktop.portal.Desktop was not provided by any .service files
[2025-07-28 11:31:20.222] [info] Using CSS file /home/dxth/.config/waybar/style.css
[2025-07-28 11:31:20.225] [info] Hyprland IPC starting
[2025-07-28 11:31:20.225] [info] Loading persistent workspaces from Hyprland workspace rules
[2025-07-28 11:31:20.237] [info] Loading persistent workspaces from Hyprland workspace rules
[2025-07-28 11:31:20.245] [info] Bar configured (width: 1440, height: 42) for output: DP-3
[2025-07-28 11:31:20.245] [info] Bar configured (width: 1920, height: 42) for output: HDMI-A-1
[2025-07-28 11:33:17.229] [warning] [wireplumber]: (onMixerChanged: Audio/Sink) - Object with id 67 not found
[2025-07-28 11:33:17.229] [warning] [wireplumber]: (onMixerChanged: Audio/Sink) - Object with id 67 not found
[2025-07-28 11:33:17.232] [warning] [wireplumber]: (onMixerChanged: Audio/Sink) - Object with id 67 not found
[2025-07-28 11:33:17.232] [warning] [wireplumber]: (onMixerChanged: Audio/Sink) - Object with id 67 not found
[2025-07-28 11:33:17.235] [warning] [wireplumber]: (onMixerChanged: Audio/Sink) - Object with id 67 not found
[2025-07-28 11:33:17.235] [warning] [wireplumber]: (onMixerChanged: Audio/Sink) - Object with id 67 not found
[2025-07-28 11:33:17.235] [warning] [wireplumber]: (onMixerChanged: Audio/Sink) - Object with id 67 not found
[2025-07-28 11:33:17.235] [warning] [wireplumber]: (onMixerChanged: Audio/Sink) - Object with id 67 not found
[2025-07-28 11:33:29.647] [warning] [wireplumber]: (onMixerChanged: Audio/Sink) - Object with id 72 not found
[2025-07-28 11:33:29.647] [warning] [wireplumber]: (onMixerChanged: Audio/Sink) - Object with id 72 not found
[2025-07-28 11:33:29.652] [warning] [wireplumber]: (onMixerChanged: Audio/Sink) - Object with id 72 not found
[2025-07-28 11:33:29.652] [warning] [wireplumber]: (onMixerChanged: Audio/Sink) - Object with id 72 not found
[2025-07-28 11:33:29.654] [warning] [wireplumber]: (onMixerChanged: Audio/Sink) - Object with id 72 not found
[2025-07-28 11:33:29.654] [warning] [wireplumber]: (onMixerChanged: Audio/Sink) - Object with id 72 not found
[2025-07-28 11:33:29.654] [warning] [wireplumber]: (onMixerChanged: Audio/Sink) - Object with id 72 not found
[2025-07-28 11:33:29.654] [warning] [wireplumber]: (onMixerChanged: Audio/Sink) - Object with id 72 not found
[2025-07-28 11:34:24.048] [warning] [wireplumber]: (onMixerChanged: Audio/Sink) - Object with id 67 not found
[2025-07-28 11:34:24.048] [warning] [wireplumber]: (onMixerChanged: Audio/Sink) - Object with id 67 not found
[2025-07-28 11:34:24.053] [warning] [wireplumber]: (onMixerChanged: Audio/Sink) - Object with id 67 not found
[2025-07-28 11:34:24.053] [warning] [wireplumber]: (onMixerChanged: Audio/Sink) - Object with id 67 not found
[2025-07-28 11:34:24.055] [warning] [wireplumber]: (onMixerChanged: Audio/Sink) - Object with id 67 not found
[2025-07-28 11:34:24.055] [warning] [wireplumber]: (onMixerChanged: Audio/Sink) - Object with id 67 not found
[2025-07-28 11:34:24.055] [warning] [wireplumber]: (onMixerChanged: Audio/Sink) - Object with id 67 not found
[2025-07-28 11:34:24.055] [warning] [wireplumber]: (onMixerChanged: Audio/Sink) - Object with id 67 not found
[2025-07-28 11:37:17.176] [warning] [wireplumber]: (onMixerChanged: Audio/Sink) - Object with id 67 not found
[2025-07-28 11:37:17.176] [warning] [wireplumber]: (onMixerChanged: Audio/Sink) - Object with id 67 not found
[2025-07-28 11:37:17.179] [warning] [wireplumber]: (onMixerChanged: Audio/Sink) - Object with id 67 not found
[2025-07-28 11:37:17.179] [warning] [wireplumber]: (onMixerChanged: Audio/Sink) - Object with id 67 not found
[2025-07-28 11:37:17.182] [warning] [wireplumber]: (onMixerChanged: Audio/Sink) - Object with id 67 not found
[2025-07-28 11:37:17.182] [warning] [wireplumber]: (onMixerChanged: Audio/Sink) - Object with id 67 not found
[2025-07-28 11:37:17.182] [warning] [wireplumber]: (onMixerChanged: Audio/Sink) - Object with id 67 not found
[2025-07-28 11:37:17.182] [warning] [wireplumber]: (onMixerChanged: Audio/Sink) - Object with id 67 not found
[2025-07-28 11:39:49.073] [warning] [wireplumber]: (onMixerChanged: Audio/Sink) - Object with id 67 not found
[2025-07-28 11:39:49.073] [warning] [wireplumber]: (onMixerChanged: Audio/Sink) - Object with id 67 not found
[2025-07-28 11:39:49.076] [warning] [wireplumber]: (onMixerChanged: Audio/Sink) - Object with id 67 not found
[2025-07-28 11:39:49.076] [warning] [wireplumber]: (onMixerChanged: Audio/Sink) - Object with id 67 not found
[2025-07-28 11:39:49.078] [warning] [wireplumber]: (onMixerChanged: Audio/Sink) - Object with id 67 not found
[2025-07-28 11:39:49.078] [warning] [wireplumber]: (onMixerChanged: Audio/Sink) - Object with id 67 not found
[2025-07-28 11:39:49.078] [warning] [wireplumber]: (onMixerChanged: Audio/Sink) - Object with id 67 not found
[2025-07-28 11:39:49.078] [warning] [wireplumber]: (onMixerChanged: Audio/Sink) - Object with id 67 not found
[2025-07-28 11:40:22.350] [warning] [wireplumber]: (onMixerChanged: Audio/Sink) - Object with id 67 not found
[2025-07-28 11:40:22.350] [warning] [wireplumber]: (onMixerChanged: Audio/Sink) - Object with id 67 not found
[2025-07-28 11:40:22.354] [warning] [wireplumber]: (onMixerChanged: Audio/Sink) - Object with id 67 not found
[2025-07-28 11:40:22.354] [warning] [wireplumber]: (onMixerChanged: Audio/Sink) - Object with id 67 not found
[2025-07-28 11:40:22.356] [warning] [wireplumber]: (onMixerChanged: Audio/Sink) - Object with id 67 not found
[2025-07-28 11:40:22.356] [warning] [wireplumber]: (onMixerChanged: Audio/Sink) - Object with id 67 not found
[2025-07-28 11:40:22.357] [warning] [wireplumber]: (onMixerChanged: Audio/Sink) - Object with id 67 not found
[2025-07-28 11:40:22.357] [warning] [wireplumber]: (onMixerChanged: Audio/Sink) - Object with id 67 not found
[2025-07-28 11:44:01.249] [warning] [wireplumber]: (onMixerChanged: Audio/Sink) - Object with id 67 not found
[2025-07-28 11:44:01.249] [warning] [wireplumber]: (onMixerChanged: Audio/Sink) - Object with id 67 not found
[2025-07-28 11:44:01.253] [warning] [wireplumber]: (onMixerChanged: Audio/Sink) - Object with id 67 not found
[2025-07-28 11:44:01.253] [warning] [wireplumber]: (onMixerChanged: Audio/Sink) - Object with id 67 not found
[2025-07-28 11:44:01.255] [warning] [wireplumber]: (onMixerChanged: Audio/Sink) - Object with id 67 not found
[2025-07-28 11:44:01.255] [warning] [wireplumber]: (onMixerChanged: Audio/Sink) - Object with id 67 not found
[2025-07-28 11:44:01.255] [warning] [wireplumber]: (onMixerChanged: Audio/Sink) - Object with id 67 not found
[2025-07-28 11:44:01.255] [warning] [wireplumber]: (onMixerChanged: Audio/Sink) - Object with id 67 not found
[2025-07-28 11:44:01.989] [warning] [wireplumber]: (onMixerChanged: Audio/Sink) - Object with id 67 not found
[2025-07-28 11:44:01.989] [warning] [wireplumber]: (onMixerChanged: Audio/Sink) - Object with id 67 not found
[2025-07-28 11:44:01.992] [warning] [wireplumber]: (onMixerChanged: Audio/Sink) - Object with id 67 not found
[2025-07-28 11:44:01.992] [warning] [wireplumber]: (onMixerChanged: Audio/Sink) - Object with id 67 not found
[2025-07-28 11:44:01.995] [warning] [wireplumber]: (onMixerChanged: Audio/Sink) - Object with id 67 not found
[2025-07-28 11:44:01.995] [warning] [wireplumber]: (onMixerChanged: Audio/Sink) - Object with id 67 not found
[2025-07-28 11:44:01.995] [warning] [wireplumber]: (onMixerChanged: Audio/Sink) - Object with id 67 not found
[2025-07-28 11:44:01.995] [warning] [wireplumber]: (onMixerChanged: Audio/Sink) - Object with id 67 not found
[2025-07-28 11:44:06.418] [warning] [wireplumber]: (onMixerChanged: Audio/Sink) - Object with id 67 not found
[2025-07-28 11:44:06.418] [warning] [wireplumber]: (onMixerChanged: Audio/Sink) - Object with id 67 not found
[2025-07-28 11:44:06.421] [warning] [wireplumber]: (onMixerChanged: Audio/Sink) - Object with id 67 not found
[2025-07-28 11:44:06.421] [warning] [wireplumber]: (onMixerChanged: Audio/Sink) - Object with id 67 not found
[2025-07-28 11:44:06.423] [warning] [wireplumber]: (onMixerChanged: Audio/Sink) - Object with id 67 not found
[2025-07-28 11:44:06.423] [warning] [wireplumber]: (onMixerChanged: Audio/Sink) - Object with id 67 not found
[2025-07-28 11:44:06.423] [warning] [wireplumber]: (onMixerChanged: Audio/Sink) - Object with id 67 not found
[2025-07-28 11:44:06.424] [warning] [wireplumber]: (onMixerChanged: Audio/Sink) - Object with id 67 not found
[2025-07-28 11:44:07.918] [warning] [wireplumber]: (onMixerChanged: Audio/Sink) - Object with id 67 not found
[2025-07-28 11:44:07.918] [warning] [wireplumber]: (onMixerChanged: Audio/Sink) - Object with id 67 not found
[2025-07-28 11:44:07.921] [warning] [wireplumber]: (onMixerChanged: Audio/Sink) - Object with id 67 not found
[2025-07-28 11:44:07.921] [warning] [wireplumber]: (onMixerChanged: Audio/Sink) - Object with id 67 not found
[2025-07-28 11:44:07.923] [warning] [wireplumber]: (onMixerChanged: Audio/Sink) - Object with id 67 not found
[2025-07-28 11:44:07.923] [warning] [wireplumber]: (onMixerChanged: Audio/Sink) - Object with id 67 not found
[2025-07-28 11:44:07.923] [warning] [wireplumber]: (onMixerChanged: Audio/Sink) - Object with id 67 not found
[2025-07-28 11:44:07.923] [warning] [wireplumber]: (onMixerChanged: Audio/Sink) - Object with id 67 not found
[2025-07-28 11:44:12.226] [warning] [wireplumber]: (onMixerChanged: Audio/Sink) - Object with id 67 not found
[2025-07-28 11:44:12.226] [warning] [wireplumber]: (onMixerChanged: Audio/Sink) - Object with id 67 not found
[2025-07-28 11:44:12.230] [warning] [wireplumber]: (onMixerChanged: Audio/Sink) - Object with id 67 not found
[2025-07-28 11:44:12.230] [warning] [wireplumber]: (onMixerChanged: Audio/Sink) - Object with id 67 not found
[2025-07-28 11:44:12.232] [warning] [wireplumber]: (onMixerChanged: Audio/Sink) - Object with id 67 not found
[2025-07-28 11:44:12.232] [warning] [wireplumber]: (onMixerChanged: Audio/Sink) - Object with id 67 not found
[2025-07-28 11:44:12.232] [warning] [wireplumber]: (onMixerChanged: Audio/Sink) - Object with id 67 not found
[2025-07-28 11:44:12.232] [warning] [wireplumber]: (onMixerChanged: Audio/Sink) - Object with id 67 not found
[2025-07-28 11:44:14.297] [warning] [wireplumber]: (onMixerChanged: Audio/Sink) - Object with id 67 not found
[2025-07-28 11:44:14.298] [warning] [wireplumber]: (onMixerChanged: Audio/Sink) - Object with id 67 not found
[2025-07-28 11:44:14.301] [warning] [wireplumber]: (onMixerChanged: Audio/Sink) - Object with id 67 not found
[2025-07-28 11:44:14.301] [warning] [wireplumber]: (onMixerChanged: Audio/Sink) - Object with id 67 not found
[2025-07-28 11:44:14.304] [warning] [wireplumber]: (onMixerChanged: Audio/Sink) - Object with id 67 not found
[2025-07-28 11:44:14.304] [warning] [wireplumber]: (onMixerChanged: Audio/Sink) - Object with id 67 not found
[2025-07-28 11:44:14.304] [warning] [wireplumber]: (onMixerChanged: Audio/Sink) - Object with id 67 not found
[2025-07-28 11:44:14.304] [warning] [wireplumber]: (onMixerChanged: Audio/Sink) - Object with id 67 not found
[2025-07-28 11:44:17.061] [warning] [wireplumber]: (onMixerChanged: Audio/Sink) - Object with id 67 not found
[2025-07-28 11:44:17.061] [warning] [wireplumber]: (onMixerChanged: Audio/Sink) - Object with id 67 not found
[2025-07-28 11:44:17.065] [warning] [wireplumber]: (onMixerChanged: Audio/Sink) - Object with id 67 not found
[2025-07-28 11:44:17.065] [warning] [wireplumber]: (onMixerChanged: Audio/Sink) - Object with id 67 not found
[2025-07-28 11:44:17.067] [warning] [wireplumber]: (onMixerChanged: Audio/Sink) - Object with id 67 not found
[2025-07-28 11:44:17.067] [warning] [wireplumber]: (onMixerChanged: Audio/Sink) - Object with id 67 not found
[2025-07-28 11:44:17.068] [warning] [wireplumber]: (onMixerChanged: Audio/Sink) - Object with id 67 not found
[2025-07-28 11:44:17.068] [warning] [wireplumber]: (onMixerChanged: Audio/Sink) - Object with id 67 not found
[2025-07-28 11:44:17.947] [warning] [wireplumber]: (onMixerChanged: Audio/Sink) - Object with id 67 not found
[2025-07-28 11:44:17.947] [warning] [wireplumber]: (onMixerChanged: Audio/Sink) - Object with id 67 not found
[2025-07-28 11:44:17.951] [warning] [wireplumber]: (onMixerChanged: Audio/Sink) - Object with id 67 not found
[2025-07-28 11:44:17.951] [warning] [wireplumber]: (onMixerChanged: Audio/Sink) - Object with id 67 not found
[2025-07-28 11:44:17.954] [warning] [wireplumber]: (onMixerChanged: Audio/Sink) - Object with id 67 not found
[2025-07-28 11:44:17.954] [warning] [wireplumber]: (onMixerChanged: Audio/Sink) - Object with id 67 not found
[2025-07-28 11:44:17.954] [warning] [wireplumber]: (onMixerChanged: Audio/Sink) - Object with id 67 not found
[2025-07-28 11:44:17.954] [warning] [wireplumber]: (onMixerChanged: Audio/Sink) - Object with id 67 not found
[2025-07-28 11:44:21.592] [warning] [wireplumber]: (onMixerChanged: Audio/Sink) - Object with id 67 not found
[2025-07-28 11:44:21.592] [warning] [wireplumber]: (onMixerChanged: Audio/Sink) - Object with id 67 not found
[2025-07-28 11:44:21.596] [warning] [wireplumber]: (onMixerChanged: Audio/Sink) - Object with id 67 not found
[2025-07-28 11:44:21.596] [warning] [wireplumber]: (onMixerChanged: Audio/Sink) - Object with id 67 not found
[2025-07-28 11:44:21.598] [warning] [wireplumber]: (onMixerChanged: Audio/Sink) - Object with id 67 not found
[2025-07-28 11:44:21.598] [warning] [wireplumber]: (onMixerChanged: Audio/Sink) - Object with id 67 not found
[2025-07-28 11:44:21.598] [warning] [wireplumber]: (onMixerChanged: Audio/Sink) - Object with id 67 not found
[2025-07-28 11:44:21.598] [warning] [wireplumber]: (onMixerChanged: Audio/Sink) - Object with id 67 not found
[2025-07-28 11:58:58.952] [warning] [wireplumber]: (onMixerChanged: Audio/Sink) - Object with id 56 not found
[2025-07-28 11:58:58.952] [warning] [wireplumber]: (onMixerChanged: Audio/Sink) - Object with id 56 not found
[2025-07-28 11:58:58.956] [warning] [wireplumber]: (onMixerChanged: Audio/Sink) - Object with id 56 not found
[2025-07-28 11:58:58.956] [warning] [wireplumber]: (onMixerChanged: Audio/Sink) - Object with id 56 not found
[2025-07-28 11:58:58.956] [warning] [wireplumber]: (onMixerChanged: Audio/Sink) - Object with id 56 not found
[2025-07-28 11:58:58.956] [warning] [wireplumber]: (onMixerChanged: Audio/Sink) - Object with id 56 not found
[2025-07-28 12:01:51.354] [warning] [wireplumber]: (onMixerChanged: Audio/Sink) - Object with id 67 not found
[2025-07-28 12:01:51.355] [warning] [wireplumber]: (onMixerChanged: Audio/Sink) - Object with id 67 not found
[2025-07-28 12:01:51.358] [warning] [wireplumber]: (onMixerChanged: Audio/Sink) - Object with id 67 not found
[2025-07-28 12:01:51.358] [warning] [wireplumber]: (onMixerChanged: Audio/Sink) - Object with id 67 not found
[2025-07-28 12:01:51.361] [warning] [wireplumber]: (onMixerChanged: Audio/Sink) - Object with id 67 not found
[2025-07-28 12:01:51.361] [warning] [wireplumber]: (onMixerChanged: Audio/Sink) - Object with id 67 not found
[2025-07-28 12:01:51.361] [warning] [wireplumber]: (onMixerChanged: Audio/Sink) - Object with id 67 not found
[2025-07-28 12:01:51.361] [warning] [wireplumber]: (onMixerChanged: Audio/Sink) - Object with id 67 not found
[2025-07-28 12:01:52.914] [warning] [wireplumber]: (onMixerChanged: Audio/Sink) - Object with id 67 not found
[2025-07-28 12:01:52.914] [warning] [wireplumber]: (onMixerChanged: Audio/Sink) - Object with id 67 not found
[2025-07-28 12:01:52.919] [warning] [wireplumber]: (onMixerChanged: Audio/Sink) - Object with id 67 not found
[2025-07-28 12:01:52.919] [warning] [wireplumber]: (onMixerChanged: Audio/Sink) - Object with id 67 not found
[2025-07-28 12:01:52.932] [warning] [wireplumber]: (onMixerChanged: Audio/Sink) - Object with id 67 not found
[2025-07-28 12:01:52.932] [warning] [wireplumber]: (onMixerChanged: Audio/Sink) - Object with id 67 not found
[2025-07-28 12:01:52.945] [warning] [wireplumber]: (onMixerChanged: Audio/Sink) - Object with id 67 not found
[2025-07-28 12:01:52.945] [warning] [wireplumber]: (onMixerChanged: Audio/Sink) - Object with id 67 not found
[2025-07-28 12:01:52.959] [warning] [wireplumber]: (onMixerChanged: Audio/Sink) - Object with id 67 not found
[2025-07-28 12:01:52.959] [warning] [wireplumber]: (onMixerChanged: Audio/Sink) - Object with id 67 not found
[2025-07-28 12:01:52.972] [warning] [wireplumber]: (onMixerChanged: Audio/Sink) - Object with id 67 not found
[2025-07-28 12:01:52.972] [warning] [wireplumber]: (onMixerChanged: Audio/Sink) - Object with id 67 not found
[2025-07-28 12:01:52.985] [warning] [wireplumber]: (onMixerChanged: Audio/Sink) - Object with id 67 not found
[2025-07-28 12:01:52.985] [warning] [wireplumber]: (onMixerChanged: Audio/Sink) - Object with id 67 not found
[2025-07-28 12:01:52.999] [warning] [wireplumber]: (onMixerChanged: Audio/Sink) - Object with id 67 not found
[2025-07-28 12:01:52.999] [warning] [wireplumber]: (onMixerChanged: Audio/Sink) - Object with id 67 not found
[2025-07-28 12:01:53.901] [warning] [wireplumber]: (onMixerChanged: Audio/Sink) - Object with id 67 not found
[2025-07-28 12:01:53.901] [warning] [wireplumber]: (onMixerChanged: Audio/Sink) - Object with id 67 not found
[2025-07-28 12:01:53.919] [warning] [wireplumber]: (onMixerChanged: Audio/Sink) - Object with id 67 not found
[2025-07-28 12:01:53.919] [warning] [wireplumber]: (onMixerChanged: Audio/Sink) - Object with id 67 not found
[2025-07-28 12:01:53.932] [warning] [wireplumber]: (onMixerChanged: Audio/Sink) - Object with id 67 not found
[2025-07-28 12:01:53.932] [warning] [wireplumber]: (onMixerChanged: Audio/Sink) - Object with id 67 not found
[2025-07-28 12:01:53.945] [warning] [wireplumber]: (onMixerChanged: Audio/Sink) - Object with id 67 not found
[2025-07-28 12:01:53.945] [warning] [wireplumber]: (onMixerChanged: Audio/Sink) - Object with id 67 not found
[2025-07-28 12:03:37.137] [warning] [wireplumber]: (onMixerChanged: Audio/Sink) - Object with id 67 not found
[2025-07-28 12:03:37.137] [warning] [wireplumber]: (onMixerChanged: Audio/Sink) - Object with id 67 not found
[2025-07-28 12:03:37.140] [warning] [wireplumber]: (onMixerChanged: Audio/Sink) - Object with id 67 not found
[2025-07-28 12:03:37.140] [warning] [wireplumber]: (onMixerChanged: Audio/Sink) - Object with id 67 not found
[2025-07-28 12:03:37.142] [warning] [wireplumber]: (onMixerChanged: Audio/Sink) - Object with id 67 not found
[2025-07-28 12:03:37.142] [warning] [wireplumber]: (onMixerChanged: Audio/Sink) - Object with id 67 not found
[2025-07-28 12:03:37.142] [warning] [wireplumber]: (onMixerChanged: Audio/Sink) - Object with id 67 not found
[2025-07-28 12:03:37.142] [warning] [wireplumber]: (onMixerChanged: Audio/Sink) - Object with id 67 not found
[2025-07-28 12:07:49.574] [warning] [wireplumber]: (onMixerChanged: Audio/Sink) - Object with id 44 not found
[2025-07-28 12:07:49.574] [warning] [wireplumber]: (onMixerChanged: Audio/Sink) - Object with id 44 not found
[2025-07-28 12:07:49.579] [warning] [wireplumber]: (onMixerChanged: Audio/Sink) - Object with id 44 not found
[2025-07-28 12:07:49.579] [warning] [wireplumber]: (onMixerChanged: Audio/Sink) - Object with id 44 not found
[2025-07-28 12:07:49.581] [warning] [wireplumber]: (onMixerChanged: Audio/Sink) - Object with id 44 not found
[2025-07-28 12:07:49.581] [warning] [wireplumber]: (onMixerChanged: Audio/Sink) - Object with id 44 not found
[2025-07-28 12:07:49.581] [warning] [wireplumber]: (onMixerChanged: Audio/Sink) - Object with id 44 not found
[2025-07-28 12:07:49.581] [warning] [wireplumber]: (onMixerChanged: Audio/Sink) - Object with id 44 not found
[2025-07-28 12:08:50.785] [warning] [wireplumber]: (onMixerChanged: Audio/Sink) - Object with id 44 not found
[2025-07-28 12:08:50.785] [warning] [wireplumber]: (onMixerChanged: Audio/Sink) - Object with id 44 not found
[2025-07-28 12:08:50.788] [warning] [wireplumber]: (onMixerChanged: Audio/Sink) - Object with id 44 not found
[2025-07-28 12:08:50.788] [warning] [wireplumber]: (onMixerChanged: Audio/Sink) - Object with id 44 not found
[2025-07-28 12:08:50.791] [warning] [wireplumber]: (onMixerChanged: Audio/Sink) - Object with id 44 not found
[2025-07-28 12:08:50.791] [warning] [wireplumber]: (onMixerChanged: Audio/Sink) - Object with id 44 not found
[2025-07-28 12:09:10.806] [warning] [wireplumber]: (onMixerChanged: Audio/Sink) - Object with id 44 not found
[2025-07-28 12:09:10.806] [warning] [wireplumber]: (onMixerChanged: Audio/Sink) - Object with id 44 not found
[2025-07-28 12:09:10.810] [warning] [wireplumber]: (onMixerChanged: Audio/Sink) - Object with id 44 not found
[2025-07-28 12:09:10.810] [warning] [wireplumber]: (onMixerChanged: Audio/Sink) - Object with id 44 not found
[2025-07-28 12:09:10.812] [warning] [wireplumber]: (onMixerChanged: Audio/Sink) - Object with id 44 not found
[2025-07-28 12:09:10.812] [warning] [wireplumber]: (onMixerChanged: Audio/Sink) - Object with id 44 not found
[2025-07-28 12:09:11.378] [warning] [wireplumber]: (onMixerChanged: Audio/Sink) - Object with id 44 not found
[2025-07-28 12:09:11.378] [warning] [wireplumber]: (onMixerChanged: Audio/Sink) - Object with id 44 not found
[2025-07-28 12:09:11.381] [warning] [wireplumber]: (onMixerChanged: Audio/Sink) - Object with id 44 not found
[2025-07-28 12:09:11.381] [warning] [wireplumber]: (onMixerChanged: Audio/Sink) - Object with id 44 not found
[2025-07-28 12:09:11.383] [warning] [wireplumber]: (onMixerChanged: Audio/Sink) - Object with id 44 not found
[2025-07-28 12:09:11.384] [warning] [wireplumber]: (onMixerChanged: Audio/Sink) - Object with id 44 not found
[2025-07-28 12:09:12.093] [warning] [wireplumber]: (onMixerChanged: Audio/Sink) - Object with id 44 not found
[2025-07-28 12:09:12.093] [warning] [wireplumber]: (onMixerChanged: Audio/Sink) - Object with id 44 not found
[2025-07-28 12:09:12.096] [warning] [wireplumber]: (onMixerChanged: Audio/Sink) - Object with id 44 not found
[2025-07-28 12:09:12.097] [warning] [wireplumber]: (onMixerChanged: Audio/Sink) - Object with id 44 not found
[2025-07-28 12:09:12.099] [warning] [wireplumber]: (onMixerChanged: Audio/Sink) - Object with id 44 not found
[2025-07-28 12:09:12.099] [warning] [wireplumber]: (onMixerChanged: Audio/Sink) - Object with id 44 not found
[2025-07-28 12:09:12.099] [warning] [wireplumber]: (onMixerChanged: Audio/Sink) - Object with id 44 not found
[2025-07-28 12:09:12.099] [warning] [wireplumber]: (onMixerChanged: Audio/Sink) - Object with id 44 not found
[2025-07-28 12:09:56.040] [warning] [wireplumber]: (onMixerChanged: Audio/Sink) - Object with id 44 not found
[2025-07-28 12:09:56.040] [warning] [wireplumber]: (onMixerChanged: Audio/Sink) - Object with id 44 not found
[2025-07-28 12:09:56.044] [warning] [wireplumber]: (onMixerChanged: Audio/Sink) - Object with id 44 not found
[2025-07-28 12:09:56.044] [warning] [wireplumber]: (onMixerChanged: Audio/Sink) - Object with id 44 not found
[2025-07-28 12:09:56.046] [warning] [wireplumber]: (onMixerChanged: Audio/Sink) - Object with id 44 not found
[2025-07-28 12:09:56.046] [warning] [wireplumber]: (onMixerChanged: Audio/Sink) - Object with id 44 not found
[2025-07-28 12:09:56.046] [warning] [wireplumber]: (onMixerChanged: Audio/Sink) - Object with id 44 not found
[2025-07-28 12:09:56.046] [warning] [wireplumber]: (onMixerChanged: Audio/Sink) - Object with id 44 not found
[2025-07-28 12:09:56.708] [warning] [wireplumber]: (onMixerChanged: Audio/Sink) - Object with id 44 not found
[2025-07-28 12:09:56.708] [warning] [wireplumber]: (onMixerChanged: Audio/Sink) - Object with id 44 not found
[2025-07-28 12:09:56.711] [warning] [wireplumber]: (onMixerChanged: Audio/Sink) - Object with id 44 not found
[2025-07-28 12:09:56.711] [warning] [wireplumber]: (onMixerChanged: Audio/Sink) - Object with id 44 not found
[2025-07-28 12:09:56.713] [warning] [wireplumber]: (onMixerChanged: Audio/Sink) - Object with id 44 not found
[2025-07-28 12:09:56.713] [warning] [wireplumber]: (onMixerChanged: Audio/Sink) - Object with id 44 not found
[2025-07-28 12:09:56.713] [warning] [wireplumber]: (onMixerChanged: Audio/Sink) - Object with id 44 not found
[2025-07-28 12:09:56.713] [warning] [wireplumber]: (onMixerChanged: Audio/Sink) - Object with id 44 not found
[2025-07-28 12:09:57.392] [warning] [wireplumber]: (onMixerChanged: Audio/Sink) - Object with id 44 not found
[2025-07-28 12:09:57.392] [warning] [wireplumber]: (onMixerChanged: Audio/Sink) - Object with id 44 not found
[2025-07-28 12:09:57.396] [warning] [wireplumber]: (onMixerChanged: Audio/Sink) - Object with id 44 not found
[2025-07-28 12:09:57.396] [warning] [wireplumber]: (onMixerChanged: Audio/Sink) - Object with id 44 not found
[2025-07-28 12:09:57.398] [warning] [wireplumber]: (onMixerChanged: Audio/Sink) - Object with id 44 not found
[2025-07-28 12:09:57.398] [warning] [wireplumber]: (onMixerChanged: Audio/Sink) - Object with id 44 not found
[2025-07-28 12:09:57.398] [warning] [wireplumber]: (onMixerChanged: Audio/Sink) - Object with id 44 not found
[2025-07-28 12:09:57.398] [warning] [wireplumber]: (onMixerChanged: Audio/Sink) - Object with id 44 not found
[2025-07-28 12:10:11.614] [warning] [wireplumber]: (onMixerChanged: Audio/Sink) - Object with id 44 not found
[2025-07-28 12:10:11.614] [warning] [wireplumber]: (onMixerChanged: Audio/Sink) - Object with id 44 not found
[2025-07-28 12:10:11.618] [warning] [wireplumber]: (onMixerChanged: Audio/Sink) - Object with id 44 not found
[2025-07-28 12:10:11.618] [warning] [wireplumber]: (onMixerChanged: Audio/Sink) - Object with id 44 not found
[2025-07-28 12:10:11.620] [warning] [wireplumber]: (onMixerChanged: Audio/Sink) - Object with id 44 not found
[2025-07-28 12:10:11.620] [warning] [wireplumber]: (onMixerChanged: Audio/Sink) - Object with id 44 not found
[2025-07-28 12:12:56.343] [warning] [wireplumber]: (onMixerChanged: Audio/Sink) - Object with id 44 not found
[2025-07-28 12:12:56.343] [warning] [wireplumber]: (onMixerChanged: Audio/Sink) - Object with id 44 not found
[2025-07-28 12:12:56.346] [warning] [wireplumber]: (onMixerChanged: Audio/Sink) - Object with id 44 not found
[2025-07-28 12:12:56.346] [warning] [wireplumber]: (onMixerChanged: Audio/Sink) - Object with id 44 not found
[2025-07-28 12:12:56.349] [warning] [wireplumber]: (onMixerChanged: Audio/Sink) - Object with id 44 not found
[2025-07-28 12:12:56.349] [warning] [wireplumber]: (onMixerChanged: Audio/Sink) - Object with id 44 not found
[2025-07-28 12:13:09.577] [warning] [wireplumber]: (onMixerChanged: Audio/Sink) - Object with id 44 not found
[2025-07-28 12:13:09.577] [warning] [wireplumber]: (onMixerChanged: Audio/Sink) - Object with id 44 not found
[2025-07-28 12:13:09.581] [warning] [wireplumber]: (onMixerChanged: Audio/Sink) - Object with id 44 not found
[2025-07-28 12:13:09.581] [warning] [wireplumber]: (onMixerChanged: Audio/Sink) - Object with id 44 not found
[2025-07-28 12:13:09.584] [warning] [wireplumber]: (onMixerChanged: Audio/Sink) - Object with id 44 not found
[2025-07-28 12:13:09.584] [warning] [wireplumber]: (onMixerChanged: Audio/Sink) - Object with id 44 not found
[2025-07-28 12:13:33.379] [warning] [wireplumber]: (onMixerChanged: Audio/Sink) - Object with id 44 not found
[2025-07-28 12:13:33.379] [warning] [wireplumber]: (onMixerChanged: Audio/Sink) - Object with id 44 not found
[2025-07-28 12:13:33.383] [warning] [wireplumber]: (onMixerChanged: Audio/Sink) - Object with id 44 not found
[2025-07-28 12:13:33.383] [warning] [wireplumber]: (onMixerChanged: Audio/Sink) - Object with id 44 not found
[2025-07-28 12:13:33.385] [warning] [wireplumber]: (onMixerChanged: Audio/Sink) - Object with id 44 not found
[2025-07-28 12:13:33.385] [warning] [wireplumber]: (onMixerChanged: Audio/Sink) - Object with id 44 not found
[2025-07-28 12:14:03.045] [warning] [wireplumber]: (onMixerChanged: Audio/Sink) - Object with id 44 not found
[2025-07-28 12:14:03.045] [warning] [wireplumber]: (onMixerChanged: Audio/Sink) - Object with id 44 not found
[2025-07-28 12:14:03.049] [warning] [wireplumber]: (onMixerChanged: Audio/Sink) - Object with id 44 not found
[2025-07-28 12:14:03.049] [warning] [wireplumber]: (onMixerChanged: Audio/Sink) - Object with id 44 not found
[2025-07-28 12:14:03.051] [warning] [wireplumber]: (onMixerChanged: Audio/Sink) - Object with id 44 not found
[2025-07-28 12:14:03.051] [warning] [wireplumber]: (onMixerChanged: Audio/Sink) - Object with id 44 not found
[2025-07-28 12:14:25.553] [warning] [wireplumber]: (onMixerChanged: Audio/Sink) - Object with id 44 not found
[2025-07-28 12:14:25.553] [warning] [wireplumber]: (onMixerChanged: Audio/Sink) - Object with id 44 not found
[2025-07-28 12:14:25.556] [warning] [wireplumber]: (onMixerChanged: Audio/Sink) - Object with id 44 not found
[2025-07-28 12:14:25.556] [warning] [wireplumber]: (onMixerChanged: Audio/Sink) - Object with id 44 not found
[2025-07-28 12:14:25.558] [warning] [wireplumber]: (onMixerChanged: Audio/Sink) - Object with id 44 not found
[2025-07-28 12:14:25.558] [warning] [wireplumber]: (onMixerChanged: Audio/Sink) - Object with id 44 not found
[2025-07-28 12:14:25.578] [warning] [wireplumber]: (onMixerChanged: Audio/Sink) - Object with id 44 not found
[2025-07-28 12:14:25.578] [warning] [wireplumber]: (onMixerChanged: Audio/Sink) - Object with id 44 not found
[2025-07-28 12:14:25.582] [warning] [wireplumber]: (onMixerChanged: Audio/Sink) - Object with id 44 not found
[2025-07-28 12:14:25.582] [warning] [wireplumber]: (onMixerChanged: Audio/Sink) - Object with id 44 not found
[2025-07-28 12:14:25.584] [warning] [wireplumber]: (onMixerChanged: Audio/Sink) - Object with id 44 not found
[2025-07-28 12:14:25.584] [warning] [wireplumber]: (onMixerChanged: Audio/Sink) - Object with id 44 not found
[2025-07-28 12:14:28.399] [warning] [wireplumber]: (onMixerChanged: Audio/Sink) - Object with id 44 not found
[2025-07-28 12:14:28.399] [warning] [wireplumber]: (onMixerChanged: Audio/Sink) - Object with id 44 not found
[2025-07-28 12:14:28.403] [warning] [wireplumber]: (onMixerChanged: Audio/Sink) - Object with id 44 not found
[2025-07-28 12:14:28.403] [warning] [wireplumber]: (onMixerChanged: Audio/Sink) - Object with id 44 not found
[2025-07-28 12:14:28.405] [warning] [wireplumber]: (onMixerChanged: Audio/Sink) - Object with id 44 not found
[2025-07-28 12:14:28.405] [warning] [wireplumber]: (onMixerChanged: Audio/Sink) - Object with id 44 not found
[2025-07-28 12:14:51.846] [warning] [wireplumber]: (onMixerChanged: Audio/Sink) - Object with id 44 not found
[2025-07-28 12:14:51.846] [warning] [wireplumber]: (onMixerChanged: Audio/Sink) - Object with id 44 not found
[2025-07-28 12:14:51.849] [warning] [wireplumber]: (onMixerChanged: Audio/Sink) - Object with id 44 not found
[2025-07-28 12:14:51.849] [warning] [wireplumber]: (onMixerChanged: Audio/Sink) - Object with id 44 not found
[2025-07-28 12:14:51.852] [warning] [wireplumber]: (onMixerChanged: Audio/Sink) - Object with id 44 not found
[2025-07-28 12:14:51.852] [warning] [wireplumber]: (onMixerChanged: Audio/Sink) - Object with id 44 not found
[2025-07-28 12:14:51.883] [warning] [wireplumber]: (onMixerChanged: Audio/Sink) - Object with id 44 not found
[2025-07-28 12:14:51.883] [warning] [wireplumber]: (onMixerChanged: Audio/Sink) - Object with id 44 not found
[2025-07-28 12:14:51.886] [warning] [wireplumber]: (onMixerChanged: Audio/Sink) - Object with id 44 not found
[2025-07-28 12:14:51.886] [warning] [wireplumber]: (onMixerChanged: Audio/Sink) - Object with id 44 not found
[2025-07-28 12:14:51.888] [warning] [wireplumber]: (onMixerChanged: Audio/Sink) - Object with id 44 not found
[2025-07-28 12:14:51.888] [warning] [wireplumber]: (onMixerChanged: Audio/Sink) - Object with id 44 not found
[2025-07-28 12:14:53.083] [warning] [wireplumber]: (onMixerChanged: Audio/Sink) - Object with id 44 not found
[2025-07-28 12:14:53.083] [warning] [wireplumber]: (onMixerChanged: Audio/Sink) - Object with id 44 not found
[2025-07-28 12:14:53.087] [warning] [wireplumber]: (onMixerChanged: Audio/Sink) - Object with id 44 not found
[2025-07-28 12:14:53.087] [warning] [wireplumber]: (onMixerChanged: Audio/Sink) - Object with id 44 not found
[2025-07-28 12:14:53.089] [warning] [wireplumber]: (onMixerChanged: Audio/Sink) - Object with id 44 not found
[2025-07-28 12:14:53.089] [warning] [wireplumber]: (onMixerChanged: Audio/Sink) - Object with id 44 not found
[2025-07-28 12:14:54.284] [warning] [wireplumber]: (onMixerChanged: Audio/Sink) - Object with id 44 not found
[2025-07-28 12:14:54.284] [warning] [wireplumber]: (onMixerChanged: Audio/Sink) - Object with id 44 not found
[2025-07-28 12:14:54.287] [warning] [wireplumber]: (onMixerChanged: Audio/Sink) - Object with id 44 not found
[2025-07-28 12:14:54.287] [warning] [wireplumber]: (onMixerChanged: Audio/Sink) - Object with id 44 not found
[2025-07-28 12:14:54.289] [warning] [wireplumber]: (onMixerChanged: Audio/Sink) - Object with id 44 not found
[2025-07-28 12:14:54.289] [warning] [wireplumber]: (onMixerChanged: Audio/Sink) - Object with id 44 not found
[2025-07-28 12:14:59.321] [warning] [wireplumber]: (onMixerChanged: Audio/Sink) - Object with id 44 not found
[2025-07-28 12:14:59.321] [warning] [wireplumber]: (onMixerChanged: Audio/Sink) - Object with id 44 not found
[2025-07-28 12:14:59.324] [warning] [wireplumber]: (onMixerChanged: Audio/Sink) - Object with id 44 not found
[2025-07-28 12:14:59.324] [warning] [wireplumber]: (onMixerChanged: Audio/Sink) - Object with id 44 not found
[2025-07-28 12:14:59.326] [warning] [wireplumber]: (onMixerChanged: Audio/Sink) - Object with id 44 not found
[2025-07-28 12:14:59.326] [warning] [wireplumber]: (onMixerChanged: Audio/Sink) - Object with id 44 not found
[2025-07-28 12:15:01.254] [warning] [wireplumber]: (onMixerChanged: Audio/Sink) - Object with id 44 not found
[2025-07-28 12:15:01.254] [warning] [wireplumber]: (onMixerChanged: Audio/Sink) - Object with id 44 not found
[2025-07-28 12:15:01.258] [warning] [wireplumber]: (onMixerChanged: Audio/Sink) - Object with id 44 not found
[2025-07-28 12:15:01.258] [warning] [wireplumber]: (onMixerChanged: Audio/Sink) - Object with id 44 not found
[2025-07-28 12:15:01.260] [warning] [wireplumber]: (onMixerChanged: Audio/Sink) - Object with id 44 not found
[2025-07-28 12:15:01.260] [warning] [wireplumber]: (onMixerChanged: Audio/Sink) - Object with id 44 not found
[2025-07-28 12:15:09.236] [warning] [wireplumber]: (onMixerChanged: Audio/Sink) - Object with id 67 not found
[2025-07-28 12:15:09.236] [warning] [wireplumber]: (onMixerChanged: Audio/Sink) - Object with id 67 not found
[2025-07-28 12:15:09.240] [warning] [wireplumber]: (onMixerChanged: Audio/Sink) - Object with id 67 not found
[2025-07-28 12:15:09.240] [warning] [wireplumber]: (onMixerChanged: Audio/Sink) - Object with id 67 not found
[2025-07-28 12:15:09.242] [warning] [wireplumber]: (onMixerChanged: Audio/Sink) - Object with id 67 not found
[2025-07-28 12:15:09.242] [warning] [wireplumber]: (onMixerChanged: Audio/Sink) - Object with id 67 not found
[2025-07-28 12:15:09.287] [warning] [wireplumber]: (onMixerChanged: Audio/Sink) - Object with id 67 not found
[2025-07-28 12:15:09.287] [warning] [wireplumber]: (onMixerChanged: Audio/Sink) - Object with id 67 not found
[2025-07-28 12:15:09.291] [warning] [wireplumber]: (onMixerChanged: Audio/Sink) - Object with id 67 not found
[2025-07-28 12:15:09.291] [warning] [wireplumber]: (onMixerChanged: Audio/Sink) - Object with id 67 not found
[2025-07-28 12:15:09.293] [warning] [wireplumber]: (onMixerChanged: Audio/Sink) - Object with id 67 not found
[2025-07-28 12:15:09.293] [warning] [wireplumber]: (onMixerChanged: Audio/Sink) - Object with id 67 not found
[2025-07-28 12:15:10.009] [warning] [wireplumber]: (onMixerChanged: Audio/Sink) - Object with id 67 not found
[2025-07-28 12:15:10.009] [warning] [wireplumber]: (onMixerChanged: Audio/Sink) - Object with id 67 not found
[2025-07-28 12:15:10.013] [warning] [wireplumber]: (onMixerChanged: Audio/Sink) - Object with id 67 not found
[2025-07-28 12:15:10.013] [warning] [wireplumber]: (onMixerChanged: Audio/Sink) - Object with id 67 not found
[2025-07-28 12:15:10.015] [warning] [wireplumber]: (onMixerChanged: Audio/Sink) - Object with id 67 not found
[2025-07-28 12:15:10.015] [warning] [wireplumber]: (onMixerChanged: Audio/Sink) - Object with id 67 not found
[2025-07-28 12:15:11.212] [warning] [wireplumber]: (onMixerChanged: Audio/Sink) - Object with id 67 not found
[2025-07-28 12:15:11.212] [warning] [wireplumber]: (onMixerChanged: Audio/Sink) - Object with id 67 not found
[2025-07-28 12:15:11.216] [warning] [wireplumber]: (onMixerChanged: Audio/Sink) - Object with id 67 not found
[2025-07-28 12:15:11.216] [warning] [wireplumber]: (onMixerChanged: Audio/Sink) - Object with id 67 not found
[2025-07-28 12:15:11.218] [warning] [wireplumber]: (onMixerChanged: Audio/Sink) - Object with id 67 not found
[2025-07-28 12:15:11.218] [warning] [wireplumber]: (onMixerChanged: Audio/Sink) - Object with id 67 not found
[2025-07-28 12:15:16.366] [warning] [wireplumber]: (onMixerChanged: Audio/Sink) - Object with id 44 not found
[2025-07-28 12:15:16.366] [warning] [wireplumber]: (onMixerChanged: Audio/Sink) - Object with id 44 not found
[2025-07-28 12:15:16.371] [warning] [wireplumber]: (onMixerChanged: Audio/Sink) - Object with id 44 not found
[2025-07-28 12:15:16.371] [warning] [wireplumber]: (onMixerChanged: Audio/Sink) - Object with id 44 not found
[2025-07-28 12:15:16.373] [warning] [wireplumber]: (onMixerChanged: Audio/Sink) - Object with id 44 not found
[2025-07-28 12:15:16.373] [warning] [wireplumber]: (onMixerChanged: Audio/Sink) - Object with id 44 not found
[2025-07-28 12:15:17.120] [warning] [wireplumber]: (onMixerChanged: Audio/Sink) - Object with id 44 not found
[2025-07-28 12:15:17.120] [warning] [wireplumber]: (onMixerChanged: Audio/Sink) - Object with id 44 not found
[2025-07-28 12:15:17.125] [warning] [wireplumber]: (onMixerChanged: Audio/Sink) - Object with id 44 not found
[2025-07-28 12:15:17.125] [warning] [wireplumber]: (onMixerChanged: Audio/Sink) - Object with id 44 not found
[2025-07-28 12:15:17.127] [warning] [wireplumber]: (onMixerChanged: Audio/Sink) - Object with id 44 not found
[2025-07-28 12:15:17.127] [warning] [wireplumber]: (onMixerChanged: Audio/Sink) - Object with id 44 not found
[2025-07-28 12:18:14.383] [warning] [wireplumber]: (onMixerChanged: Audio/Sink) - Object with id 44 not found
[2025-07-28 12:18:14.383] [warning] [wireplumber]: (onMixerChanged: Audio/Sink) - Object with id 44 not found
[2025-07-28 12:18:14.387] [warning] [wireplumber]: (onMixerChanged: Audio/Sink) - Object with id 44 not found
[2025-07-28 12:18:14.387] [warning] [wireplumber]: (onMixerChanged: Audio/Sink) - Object with id 44 not found
[2025-07-28 12:18:14.389] [warning] [wireplumber]: (onMixerChanged: Audio/Sink) - Object with id 44 not found
[2025-07-28 12:18:14.389] [warning] [wireplumber]: (onMixerChanged: Audio/Sink) - Object with id 44 not found
[2025-07-28 12:18:14.448] [warning] [wireplumber]: (onMixerChanged: Audio/Sink) - Object with id 44 not found
[2025-07-28 12:18:14.448] [warning] [wireplumber]: (onMixerChanged: Audio/Sink) - Object with id 44 not found
[2025-07-28 12:18:14.452] [warning] [wireplumber]: (onMixerChanged: Audio/Sink) - Object with id 44 not found
[2025-07-28 12:18:14.452] [warning] [wireplumber]: (onMixerChanged: Audio/Sink) - Object with id 44 not found
[2025-07-28 12:18:14.454] [warning] [wireplumber]: (onMixerChanged: Audio/Sink) - Object with id 44 not found
[2025-07-28 12:18:14.454] [warning] [wireplumber]: (onMixerChanged: Audio/Sink) - Object with id 44 not found
[2025-07-28 12:18:15.699] [warning] [wireplumber]: (onMixerChanged: Audio/Sink) - Object with id 44 not found
[2025-07-28 12:18:15.699] [warning] [wireplumber]: (onMixerChanged: Audio/Sink) - Object with id 44 not found
[2025-07-28 12:18:15.704] [warning] [wireplumber]: (onMixerChanged: Audio/Sink) - Object with id 44 not found
[2025-07-28 12:18:15.704] [warning] [wireplumber]: (onMixerChanged: Audio/Sink) - Object with id 44 not found
[2025-07-28 12:18:15.706] [warning] [wireplumber]: (onMixerChanged: Audio/Sink) - Object with id 44 not found
[2025-07-28 12:18:15.706] [warning] [wireplumber]: (onMixerChanged: Audio/Sink) - Object with id 44 not found
[2025-07-28 12:18:16.577] [warning] [wireplumber]: (onMixerChanged: Audio/Sink) - Object with id 44 not found
[2025-07-28 12:18:16.577] [warning] [wireplumber]: (onMixerChanged: Audio/Sink) - Object with id 44 not found
[2025-07-28 12:18:16.581] [warning] [wireplumber]: (onMixerChanged: Audio/Sink) - Object with id 44 not found
[2025-07-28 12:18:16.581] [warning] [wireplumber]: (onMixerChanged: Audio/Sink) - Object with id 44 not found
[2025-07-28 12:18:16.583] [warning] [wireplumber]: (onMixerChanged: Audio/Sink) - Object with id 44 not found
[2025-07-28 12:18:16.583] [warning] [wireplumber]: (onMixerChanged: Audio/Sink) - Object with id 44 not found
[2025-07-28 12:18:17.237] [warning] [wireplumber]: (onMixerChanged: Audio/Sink) - Object with id 44 not found
[2025-07-28 12:18:17.237] [warning] [wireplumber]: (onMixerChanged: Audio/Sink) - Object with id 44 not found
[2025-07-28 12:18:17.241] [warning] [wireplumber]: (onMixerChanged: Audio/Sink) - Object with id 44 not found
[2025-07-28 12:18:17.241] [warning] [wireplumber]: (onMixerChanged: Audio/Sink) - Object with id 44 not found
[2025-07-28 12:18:17.243] [warning] [wireplumber]: (onMixerChanged: Audio/Sink) - Object with id 44 not found
[2025-07-28 12:18:17.243] [warning] [wireplumber]: (onMixerChanged: Audio/Sink) - Object with id 44 not found
[2025-07-28 12:18:17.533] [warning] [wireplumber]: (onMixerChanged: Audio/Sink) - Object with id 44 not found
[2025-07-28 12:18:17.533] [warning] [wireplumber]: (onMixerChanged: Audio/Sink) - Object with id 44 not found
[2025-07-28 12:18:17.538] [warning] [wireplumber]: (onMixerChanged: Audio/Sink) - Object with id 44 not found
[2025-07-28 12:18:17.538] [warning] [wireplumber]: (onMixerChanged: Audio/Sink) - Object with id 44 not found
[2025-07-28 12:18:17.540] [warning] [wireplumber]: (onMixerChanged: Audio/Sink) - Object with id 44 not found
[2025-07-28 12:18:17.540] [warning] [wireplumber]: (onMixerChanged: Audio/Sink) - Object with id 44 not found
[2025-07-28 12:20:40.077] [warning] [wireplumber]: (onMixerChanged: Audio/Sink) - Object with id 44 not found
[2025-07-28 12:20:40.077] [warning] [wireplumber]: (onMixerChanged: Audio/Sink) - Object with id 44 not found
[2025-07-28 12:20:40.082] [warning] [wireplumber]: (onMixerChanged: Audio/Sink) - Object with id 44 not found
[2025-07-28 12:20:40.082] [warning] [wireplumber]: (onMixerChanged: Audio/Sink) - Object with id 44 not found
[2025-07-28 12:20:40.083] [warning] [wireplumber]: (onMixerChanged: Audio/Sink) - Object with id 44 not found
[2025-07-28 12:20:40.083] [warning] [wireplumber]: (onMixerChanged: Audio/Sink) - Object with id 44 not found
[2025-07-28 12:20:40.523] [warning] [wireplumber]: (onMixerChanged: Audio/Sink) - Object with id 44 not found
[2025-07-28 12:20:40.523] [warning] [wireplumber]: (onMixerChanged: Audio/Sink) - Object with id 44 not found
[2025-07-28 12:20:40.528] [warning] [wireplumber]: (onMixerChanged: Audio/Sink) - Object with id 44 not found
[2025-07-28 12:20:40.528] [warning] [wireplumber]: (onMixerChanged: Audio/Sink) - Object with id 44 not found
[2025-07-28 12:20:40.530] [warning] [wireplumber]: (onMixerChanged: Audio/Sink) - Object with id 44 not found
[2025-07-28 12:20:40.530] [warning] [wireplumber]: (onMixerChanged: Audio/Sink) - Object with id 44 not found
[2025-07-28 12:20:41.289] [warning] [wireplumber]: (onMixerChanged: Audio/Sink) - Object with id 44 not found
[2025-07-28 12:20:41.289] [warning] [wireplumber]: (onMixerChanged: Audio/Sink) - Object with id 44 not found
[2025-07-28 12:20:41.294] [warning] [wireplumber]: (onMixerChanged: Audio/Sink) - Object with id 44 not found
[2025-07-28 12:20:41.294] [warning] [wireplumber]: (onMixerChanged: Audio/Sink) - Object with id 44 not found
[2025-07-28 12:20:41.295] [warning] [wireplumber]: (onMixerChanged: Audio/Sink) - Object with id 44 not found
[2025-07-28 12:20:41.295] [warning] [wireplumber]: (onMixerChanged: Audio/Sink) - Object with id 44 not found
[2025-07-28 12:20:41.847] [warning] [wireplumber]: (onMixerChanged: Audio/Sink) - Object with id 44 not found
[2025-07-28 12:20:41.847] [warning] [wireplumber]: (onMixerChanged: Audio/Sink) - Object with id 44 not found
[2025-07-28 12:20:41.851] [warning] [wireplumber]: (onMixerChanged: Audio/Sink) - Object with id 44 not found
[2025-07-28 12:20:41.851] [warning] [wireplumber]: (onMixerChanged: Audio/Sink) - Object with id 44 not found
[2025-07-28 12:20:41.853] [warning] [wireplumber]: (onMixerChanged: Audio/Sink) - Object with id 44 not found
[2025-07-28 12:20:41.853] [warning] [wireplumber]: (onMixerChanged: Audio/Sink) - Object with id 44 not found
[2025-07-28 12:20:42.979] [warning] [wireplumber]: (onMixerChanged: Audio/Sink) - Object with id 44 not found
[2025-07-28 12:20:42.979] [warning] [wireplumber]: (onMixerChanged: Audio/Sink) - Object with id 44 not found
[2025-07-28 12:20:42.984] [warning] [wireplumber]: (onMixerChanged: Audio/Sink) - Object with id 44 not found
[2025-07-28 12:20:42.984] [warning] [wireplumber]: (onMixerChanged: Audio/Sink) - Object with id 44 not found
[2025-07-28 12:20:42.986] [warning] [wireplumber]: (onMixerChanged: Audio/Sink) - Object with id 44 not found
[2025-07-28 12:20:42.986] [warning] [wireplumber]: (onMixerChanged: Audio/Sink) - Object with id 44 not found
[2025-07-28 12:20:43.638] [warning] [wireplumber]: (onMixerChanged: Audio/Sink) - Object with id 44 not found
[2025-07-28 12:20:43.638] [warning] [wireplumber]: (onMixerChanged: Audio/Sink) - Object with id 44 not found
[2025-07-28 12:20:43.642] [warning] [wireplumber]: (onMixerChanged: Audio/Sink) - Object with id 44 not found
[2025-07-28 12:20:43.642] [warning] [wireplumber]: (onMixerChanged: Audio/Sink) - Object with id 44 not found
[2025-07-28 12:20:43.644] [warning] [wireplumber]: (onMixerChanged: Audio/Sink) - Object with id 44 not found
[2025-07-28 12:20:43.644] [warning] [wireplumber]: (onMixerChanged: Audio/Sink) - Object with id 44 not found
[2025-07-28 12:20:44.681] [warning] [wireplumber]: (onMixerChanged: Audio/Sink) - Object with id 44 not found
[2025-07-28 12:20:44.681] [warning] [wireplumber]: (onMixerChanged: Audio/Sink) - Object with id 44 not found
[2025-07-28 12:20:44.686] [warning] [wireplumber]: (onMixerChanged: Audio/Sink) - Object with id 44 not found
[2025-07-28 12:20:44.686] [warning] [wireplumber]: (onMixerChanged: Audio/Sink) - Object with id 44 not found
[2025-07-28 12:20:44.688] [warning] [wireplumber]: (onMixerChanged: Audio/Sink) - Object with id 44 not found
[2025-07-28 12:20:44.688] [warning] [wireplumber]: (onMixerChanged: Audio/Sink) - Object with id 44 not found
[2025-07-28 12:20:45.704] [warning] [wireplumber]: (onMixerChanged: Audio/Sink) - Object with id 44 not found
[2025-07-28 12:20:45.704] [warning] [wireplumber]: (onMixerChanged: Audio/Sink) - Object with id 44 not found
[2025-07-28 12:20:45.709] [warning] [wireplumber]: (onMixerChanged: Audio/Sink) - Object with id 44 not found
[2025-07-28 12:20:45.710] [warning] [wireplumber]: (onMixerChanged: Audio/Sink) - Object with id 44 not found
[2025-07-28 12:20:45.712] [warning] [wireplumber]: (onMixerChanged: Audio/Sink) - Object with id 44 not found
[2025-07-28 12:20:45.712] [warning] [wireplumber]: (onMixerChanged: Audio/Sink) - Object with id 44 not found
[2025-07-28 12:21:13.534] [warning] [wireplumber]: (onMixerChanged: Audio/Sink) - Object with id 42 not found
[2025-07-28 12:21:13.534] [warning] [wireplumber]: (onMixerChanged: Audio/Sink) - Object with id 42 not found
[2025-07-28 12:21:13.537] [warning] [wireplumber]: (onMixerChanged: Audio/Sink) - Object with id 42 not found
[2025-07-28 12:21:13.537] [warning] [wireplumber]: (onMixerChanged: Audio/Sink) - Object with id 42 not found
[2025-07-28 12:21:13.539] [warning] [wireplumber]: (onMixerChanged: Audio/Sink) - Object with id 42 not found
[2025-07-28 12:21:13.539] [warning] [wireplumber]: (onMixerChanged: Audio/Sink) - Object with id 42 not found
[2025-07-28 12:21:13.539] [warning] [wireplumber]: (onMixerChanged: Audio/Sink) - Object with id 42 not found
[2025-07-28 12:21:13.539] [warning] [wireplumber]: (onMixerChanged: Audio/Sink) - Object with id 42 not found
[2025-07-28 12:21:17.834] [warning] [wireplumber]: (onMixerChanged: Audio/Sink) - Object with id 42 not found
[2025-07-28 12:21:17.834] [warning] [wireplumber]: (onMixerChanged: Audio/Sink) - Object with id 42 not found
[2025-07-28 12:26:55.102] [warning] [wireplumber]: (onMixerChanged: Audio/Sink) - Object with id 42 not found
[2025-07-28 12:26:55.102] [warning] [wireplumber]: (onMixerChanged: Audio/Sink) - Object with id 42 not found
[2025-07-28 12:26:55.105] [warning] [wireplumber]: (onMixerChanged: Audio/Sink) - Object with id 42 not found
[2025-07-28 12:26:55.105] [warning] [wireplumber]: (onMixerChanged: Audio/Sink) - Object with id 42 not found
[2025-07-28 12:26:55.107] [warning] [wireplumber]: (onMixerChanged: Audio/Sink) - Object with id 42 not found
[2025-07-28 12:26:55.107] [warning] [wireplumber]: (onMixerChanged: Audio/Sink) - Object with id 42 not found
[2025-07-28 12:26:55.107] [warning] [wireplumber]: (onMixerChanged: Audio/Sink) - Object with id 42 not found
[2025-07-28 12:26:55.107] [warning] [wireplumber]: (onMixerChanged: Audio/Sink) - Object with id 42 not found
[2025-07-28 12:27:06.710] [warning] [wireplumber]: (onMixerChanged: Audio/Sink) - Object with id 42 not found
[2025-07-28 12:27:06.710] [warning] [wireplumber]: (onMixerChanged: Audio/Sink) - Object with id 42 not found
[2025-07-28 12:27:06.713] [warning] [wireplumber]: (onMixerChanged: Audio/Sink) - Object with id 42 not found
[2025-07-28 12:27:06.713] [warning] [wireplumber]: (onMixerChanged: Audio/Sink) - Object with id 42 not found
[2025-07-28 12:27:06.716] [warning] [wireplumber]: (onMixerChanged: Audio/Sink) - Object with id 42 not found
[2025-07-28 12:27:06.716] [warning] [wireplumber]: (onMixerChanged: Audio/Sink) - Object with id 42 not found
[2025-07-28 12:27:06.716] [warning] [wireplumber]: (onMixerChanged: Audio/Sink) - Object with id 42 not found
[2025-07-28 12:27:06.716] [warning] [wireplumber]: (onMixerChanged: Audio/Sink) - Object with id 42 not found
[2025-07-28 12:28:26.724] [warning] [wireplumber]: (onMixerChanged: Audio/Sink) - Object with id 42 not found
[2025-07-28 12:28:26.724] [warning] [wireplumber]: (onMixerChanged: Audio/Sink) - Object with id 42 not found
[2025-07-28 12:28:26.728] [warning] [wireplumber]: (onMixerChanged: Audio/Sink) - Object with id 42 not found
[2025-07-28 12:28:26.728] [warning] [wireplumber]: (onMixerChanged: Audio/Sink) - Object with id 42 not found
[2025-07-28 12:28:26.730] [warning] [wireplumber]: (onMixerChanged: Audio/Sink) - Object with id 42 not found
[2025-07-28 12:28:26.730] [warning] [wireplumber]: (onMixerChanged: Audio/Sink) - Object with id 42 not found
Gdk-Message: 12:31:52.243: Error reading events from display: Broken pipe
